2020-02-22 11:36:29,504 [main] INFO nopCommerce - *******lanuch browser*******
2020-02-22 11:36:40,540 [main] INFO nopCommerce - *******lanuch URL*******
2020-02-22 11:36:52,903 [main] INFO nopCommerce - *******click on login*******
2020-02-22 11:37:39,801 [main] INFO nopCommerce - *******close browser*******
2020-02-22 11:37:44,334 [main] INFO nopCommerce - *******lanuch browser*******
2020-02-22 11:37:50,256 [main] INFO nopCommerce - *******lanuch URL*******
2020-02-22 11:37:55,543 [main] INFO nopCommerce - *******click on login*******
2020-02-22 11:38:10,404 [main] INFO nopCommerce - *******enter email*******
2020-02-22 11:38:13,389 [main] INFO nopCommerce - *******search email*******
2020-02-22 11:38:15,450 [main] INFO nopCommerce - *******close browser*******
2020-02-22 11:38:17,342 [main] INFO nopCommerce - *******lanuch browser*******
2020-02-22 11:38:22,398 [main] INFO nopCommerce - *******lanuch URL*******
2020-02-22 11:38:29,054 [main] INFO nopCommerce - *******click on login*******
2020-02-22 11:38:43,690 [main] INFO nopCommerce - *******enter name*******
2020-02-22 11:38:47,395 [main] INFO nopCommerce - *******search email*******
2020-02-22 11:38:49,398 [main] INFO nopCommerce - *******search by name*******
2020-02-22 11:38:49,463 [main] INFO nopCommerce - *******close browser*******
2020-02-22 11:42:39,134 [main] INFO nopCommerce - *******lanuch browser*******
2020-02-22 11:42:47,260 [main] INFO nopCommerce - *******lanuch URL*******
2020-02-22 11:42:54,586 [main] INFO nopCommerce - *******click on login*******
2020-02-22 11:43:41,149 [main] INFO nopCommerce - *******close browser*******
2020-02-22 11:43:43,953 [main] INFO nopCommerce - *******lanuch browser*******
2020-02-22 11:43:52,956 [main] INFO nopCommerce - *******lanuch URL*******
2020-02-22 11:44:00,266 [main] INFO nopCommerce - *******click on login*******
2020-02-22 11:44:20,345 [main] INFO nopCommerce - *******enter email*******
2020-02-22 11:44:23,336 [main] INFO nopCommerce - *******search email*******
2020-02-22 11:44:25,382 [main] INFO nopCommerce - *******close browser*******
2020-02-22 11:44:27,075 [main] INFO nopCommerce - *******lanuch browser*******
2020-02-22 11:44:32,974 [main] INFO nopCommerce - *******lanuch URL*******
2020-02-22 11:44:38,263 [main] INFO nopCommerce - *******click on login*******
2020-02-22 11:44:53,363 [main] INFO nopCommerce - *******enter name*******
2020-02-22 11:44:57,099 [main] INFO nopCommerce - *******search email*******
2020-02-22 11:44:59,102 [main] INFO nopCommerce - *******search by name*******
2020-02-22 11:44:59,156 [main] INFO nopCommerce - *******close browser*******
2020-02-22 14:06:59,243 [main] INFO nopCommerce - *******lanuch browser*******
2020-02-22 14:07:00,357 [main] INFO nopCommerce - *******lanuch browser*******
2020-02-22 14:07:10,500 [main] INFO nopCommerce - *******lanuch URL*******
2020-02-22 14:08:23,299 [main] INFO nopCommerce - *******lanuch browser*******
2020-02-22 14:08:23,701 [main] INFO nopCommerce - *******lanuch browser*******
2020-02-22 14:08:28,997 [main] INFO nopCommerce - *******lanuch URL*******
2020-02-22 14:08:43,570 [main] INFO nopCommerce - *******click on login*******
2020-02-22 14:09:19,041 [main] INFO nopCommerce - *******enter email*******
2020-02-22 14:09:22,623 [main] INFO nopCommerce - *******search email*******
2020-02-22 14:09:24,816 [main] INFO nopCommerce - *******close browser*******
2020-02-22 14:12:47,699 [main] INFO nopCommerce - *******lanuch browser*******
2020-02-22 14:12:48,882 [main] INFO nopCommerce - *******lanuch URL*******
2020-02-22 14:12:56,578 [main] INFO nopCommerce - *******click on login*******
2020-02-22 14:13:47,108 [main] INFO nopCommerce - *******close browser*******
2020-02-22 14:13:54,272 [main] INFO nopCommerce - *******lanuch browser*******
2020-02-22 14:13:55,454 [main] INFO nopCommerce - *******lanuch URL*******
2020-02-22 14:14:01,050 [main] INFO nopCommerce - *******click on login*******
2020-02-22 14:14:19,804 [main] INFO nopCommerce - *******enter email*******
2020-02-22 14:14:22,569 [main] INFO nopCommerce - *******search email*******
2020-02-22 14:14:24,804 [main] INFO nopCommerce - *******close browser*******
2020-02-22 14:14:31,215 [main] INFO nopCommerce - *******lanuch browser*******
2020-02-22 14:14:32,351 [main] INFO nopCommerce - *******lanuch URL*******
2020-02-22 14:14:38,131 [main] INFO nopCommerce - *******click on login*******
2020-02-22 14:14:59,488 [main] INFO nopCommerce - *******enter name*******
2020-02-22 14:15:03,154 [main] INFO nopCommerce - *******search email*******
2020-02-22 14:15:05,156 [main] INFO nopCommerce - *******search by name*******
2020-02-22 14:15:05,234 [main] INFO nopCommerce - *******close browser*******
2020-02-22 14:43:05,780 [main] INFO nopCommerce - *******lanuch browser*******
2020-02-22 14:43:07,844 [main] INFO nopCommerce - *******lanuch URL*******
2020-02-22 14:43:31,159 [main] INFO nopCommerce - *******click on login*******
2020-02-22 14:44:31,710 [main] INFO nopCommerce - *******close browser*******
2020-02-22 14:44:39,248 [main] INFO nopCommerce - *******lanuch browser*******
2020-02-22 14:44:40,385 [main] INFO nopCommerce - *******lanuch URL*******
2020-02-22 14:44:47,067 [main] INFO nopCommerce - *******click on login*******
2020-02-22 14:45:02,854 [main] INFO nopCommerce - *******enter email*******
2020-02-22 14:45:05,617 [main] INFO nopCommerce - *******search email*******
2020-02-22 14:45:07,982 [main] INFO nopCommerce - *******close browser*******
2020-02-22 14:52:28,858 [main] INFO nopCommerce - *******lanuch browser*******
2020-02-22 14:52:30,825 [main] INFO nopCommerce - *******lanuch URL*******
2020-02-22 14:52:47,148 [main] INFO nopCommerce - *******click on login*******
2020-02-22 14:54:30,256 [main] INFO nopCommerce - *******lanuch browser*******
2020-02-22 14:54:31,508 [main] INFO nopCommerce - *******lanuch URL*******
2020-02-22 14:54:41,166 [main] INFO nopCommerce - *******click on login*******
2020-02-22 14:55:07,426 [main] INFO nopCommerce - *******enter email*******
2020-02-22 14:55:11,468 [main] INFO nopCommerce - *******search email*******
2020-02-22 14:55:14,226 [main] INFO nopCommerce - *******close browser*******
2020-02-22 15:43:42,343 [main] INFO nopCommerce - *******lanuch browser*******
2020-02-22 15:43:44,055 [main] INFO nopCommerce - *******lanuch URL*******
2020-02-22 15:43:50,506 [main] INFO nopCommerce - *******click on login*******
2020-02-22 15:44:52,036 [main] INFO nopCommerce - *******close browser*******
2020-02-22 15:45:01,258 [main] INFO nopCommerce - *******lanuch browser*******
2020-02-22 15:45:02,505 [main] INFO nopCommerce - *******lanuch URL*******
2020-02-22 15:45:08,389 [main] INFO nopCommerce - *******click on login*******
2020-02-22 15:45:24,303 [main] INFO nopCommerce - *******enter email*******
2020-02-22 15:45:28,915 [main] INFO nopCommerce - *******search email*******
2020-02-22 15:45:31,084 [main] INFO nopCommerce - *******close browser*******
2020-02-22 15:46:26,097 [main] INFO nopCommerce - *******lanuch browser*******
2020-02-22 15:46:27,415 [main] INFO nopCommerce - *******lanuch URL*******
2020-02-22 15:46:30,944 [main] INFO nopCommerce - *******click on login*******
2020-02-22 15:47:15,458 [main] INFO nopCommerce - *******close browser*******
2020-02-22 15:47:22,132 [main] INFO nopCommerce - *******lanuch browser*******
2020-02-22 15:47:23,340 [main] INFO nopCommerce - *******lanuch URL*******
2020-02-22 15:47:28,456 [main] INFO nopCommerce - *******click on login*******
2020-02-22 15:47:42,450 [main] INFO nopCommerce - *******enter email*******
2020-02-22 15:47:46,182 [main] INFO nopCommerce - *******search email*******
2020-02-22 15:47:48,281 [main] INFO nopCommerce - *******close browser*******
2020-02-22 15:54:44,509 [main] INFO nopCommerce - *******lanuch browser*******
2020-02-22 15:54:46,087 [main] INFO nopCommerce - *******lanuch URL*******
2020-02-22 15:54:52,882 [main] INFO nopCommerce - *******click on login*******
2020-02-22 15:55:34,387 [main] INFO nopCommerce - *******close browser*******
2020-02-22 15:55:41,882 [main] INFO nopCommerce - *******lanuch browser*******
2020-02-22 15:55:43,078 [main] INFO nopCommerce - *******lanuch URL*******
2020-02-22 15:55:46,505 [main] INFO nopCommerce - *******click on login*******
2020-02-22 15:56:06,675 [main] INFO nopCommerce - *******enter email*******
2020-02-22 15:56:10,953 [main] INFO nopCommerce - *******search email*******
2020-02-22 15:56:13,047 [main] INFO nopCommerce - *******close browser*******
2020-02-22 19:56:27,295 [main] INFO nopCommerce - *******lanuch browser*******
2020-02-22 19:56:29,435 [main] INFO nopCommerce - *******lanuch URL*******
2020-02-22 19:56:44,165 [main] INFO nopCommerce - *******click on login*******
2020-02-22 19:57:47,044 [main] INFO nopCommerce - *******close browser*******
2020-02-22 19:57:57,014 [main] INFO nopCommerce - *******lanuch browser*******
2020-02-22 19:57:58,179 [main] INFO nopCommerce - *******lanuch URL*******
2020-02-22 19:58:01,957 [main] INFO nopCommerce - *******click on login*******
2020-02-22 19:58:19,768 [main] INFO nopCommerce - *******enter email*******
2020-02-22 19:58:23,607 [main] INFO nopCommerce - *******search email*******
2020-02-22 19:58:30,189 [main] INFO nopCommerce - *******close browser*******
